
**** Build of configuration Debug for project Exemplo_LCD_Nokia5110 ****

"C:\\ti\\ccs1220\\ccs\\utils\\bin\\gmake" -k -j 4 all -O 
 
Building file: "../main.c"
Invoking: ARM Compiler
"C:/ti/ccs1220/ccs/tools/compiler/ti-cgt-arm_20.2.7.LTS/bin/armcl" -mv7M4 --code_state=16 --float_support=FPv4SPD16 -me --include_path="C:/Users/marco/projetos/micro/Exemplo_LCD_Nokia5110" --include_path="C:/ti/TivaWare_C_Series-2.2.0.295" --include_path="C:/ti/ccs1220/ccs/tools/compiler/ti-cgt-arm_20.2.7.LTS/include" --define=ccs="ccs" --define=PART_TM4C1230H6PM -g --gcc --diag_warning=225 --diag_wrap=off --display_error_number --abi=eabi --preproc_with_compile --preproc_dependency="main.d_raw"  "../main.c"
 
>> Compilation failure
subdir_rules.mk:9: recipe for target 'main.obj' failed
gmake: *** No rule to make target 'C:/ti/TivaWare_C_Series-2.2.0.295/driverlib/ccs/Debug/driverlib.lib', needed by 'all'.
"../main.c", line 17: fatal error #1965: cannot open source file "inc/hw_types.h"
1 catastrophic error detected in the compilation of "../main.c".
Compilation terminated.
gmake: *** [main.obj] Error 1
Building file: "../Nokia5110.c"
Invoking: ARM Compiler
"C:/ti/ccs1220/ccs/tools/compiler/ti-cgt-arm_20.2.7.LTS/bin/armcl" -mv7M4 --code_state=16 --float_support=FPv4SPD16 -me --include_path="C:/Users/marco/projetos/micro/Exemplo_LCD_Nokia5110" --include_path="C:/ti/TivaWare_C_Series-2.2.0.295" --include_path="C:/ti/ccs1220/ccs/tools/compiler/ti-cgt-arm_20.2.7.LTS/include" --define=ccs="ccs" --define=PART_TM4C1230H6PM -g --gcc --diag_warning=225 --diag_wrap=off --display_error_number --abi=eabi --preproc_with_compile --preproc_dependency="Nokia5110.d_raw"  "../Nokia5110.c"
 
>> Compilation failure
subdir_rules.mk:9: recipe for target 'Nokia5110.obj' failed
"..\Nokia5110.h", line 35: fatal error #1965: cannot open source file "driverlib/rom.h"
1 catastrophic error detected in the compilation of "../Nokia5110.c".
Compilation terminated.
gmake: *** [Nokia5110.obj] Error 1
Building file: "../tm4c1230h6pm_startup_ccs.c"
Invoking: ARM Compiler
"C:/ti/ccs1220/ccs/tools/compiler/ti-cgt-arm_20.2.7.LTS/bin/armcl" -mv7M4 --code_state=16 --float_support=FPv4SPD16 -me --include_path="C:/Users/marco/projetos/micro/Exemplo_LCD_Nokia5110" --include_path="C:/ti/TivaWare_C_Series-2.2.0.295" --include_path="C:/ti/ccs1220/ccs/tools/compiler/ti-cgt-arm_20.2.7.LTS/include" --define=ccs="ccs" --define=PART_TM4C1230H6PM -g --gcc --diag_warning=225 --diag_wrap=off --display_error_number --abi=eabi --preproc_with_compile --preproc_dependency="tm4c1230h6pm_startup_ccs.d_raw"  "../tm4c1230h6pm_startup_ccs.c"
 
>> Compilation failure
subdir_rules.mk:9: recipe for target 'tm4c1230h6pm_startup_ccs.obj' failed
"../tm4c1230h6pm_startup_ccs.c", line 107: error #60: function call is not allowed in a constant expression
"../tm4c1230h6pm_startup_ccs.c", line 118: error #60: function call is not allowed in a constant expression
"../tm4c1230h6pm_startup_ccs.c", line 119: error #255: expected a ","
3 errors detected in the compilation of "../tm4c1230h6pm_startup_ccs.c".
gmake: *** [tm4c1230h6pm_startup_ccs.obj] Error 1
gmake: Target 'all' not remade because of errors.

**** Build Finished ****
