
**** Build of configuration Debug for project uart_gpio2 ****

"C:\\ti\\ccs1220\\ccs\\utils\\bin\\gmake" -k -j 4 all -O 
 
Building file: "../main.c"
Invoking: Arm Compiler
"C:/ti/ccs1220/ccs/tools/compiler/ti-cgt-arm_20.2.7.LTS/bin/armcl" -mv7M4 --code_state=16 --float_support=FPv4SPD16 -me --include_path="C:/Users/marco/projetos/micro/uart_gpio2" --include_path="C:/Users/marco/CCS12.2.0.00009_win64/TivaWare_C_Series-2.1.4.178" --include_path="C:/Users/marco/CCS12.2.0.00009_win64/TivaWare_C_Series-2.1.4.178/utils" --include_path="C:/ti/ccs1220/ccs/tools/compiler/ti-cgt-arm_20.2.7.LTS/include" --define=ccs="ccs" --define=PART_TM4C123GH6PM -g --gcc --diag_warning=225 --diag_wrap=off --display_error_number --abi=eabi --preproc_with_compile --preproc_dependency="main.d_raw"  "../main.c"
Finished building: "../main.c"
 
Building file: "../tm4c123gh6pm_startup_ccs.c"
Invoking: Arm Compiler
"C:/ti/ccs1220/ccs/tools/compiler/ti-cgt-arm_20.2.7.LTS/bin/armcl" -mv7M4 --code_state=16 --float_support=FPv4SPD16 -me --include_path="C:/Users/marco/projetos/micro/uart_gpio2" --include_path="C:/Users/marco/CCS12.2.0.00009_win64/TivaWare_C_Series-2.1.4.178" --include_path="C:/Users/marco/CCS12.2.0.00009_win64/TivaWare_C_Series-2.1.4.178/utils" --include_path="C:/ti/ccs1220/ccs/tools/compiler/ti-cgt-arm_20.2.7.LTS/include" --define=ccs="ccs" --define=PART_TM4C123GH6PM -g --gcc --diag_warning=225 --diag_wrap=off --display_error_number --abi=eabi --preproc_with_compile --preproc_dependency="tm4c123gh6pm_startup_ccs.d_raw"  "../tm4c123gh6pm_startup_ccs.c"
Finished building: "../tm4c123gh6pm_startup_ccs.c"
 
Building target: "uart_gpio2.out"
Invoking: Arm Linker
"C:/ti/ccs1220/ccs/tools/compiler/ti-cgt-arm_20.2.7.LTS/bin/armcl" -mv7M4 --code_state=16 --float_support=FPv4SPD16 -me --define=ccs="ccs" --define=PART_TM4C123GH6PM -g --gcc --diag_warning=225 --diag_wrap=off --display_error_number --abi=eabi -z -m"uart_gpio2.map" --heap_size=0 --stack_size=512 -i"C:/ti/ccs1220/ccs/tools/compiler/ti-cgt-arm_20.2.7.LTS/lib" -i"C:/ti/ccs1220/ccs/tools/compiler/ti-cgt-arm_20.2.7.LTS/include" --reread_libs --diag_wrap=off --display_error_number --warn_sections --xml_link_info="uart_gpio2_linkInfo.xml" --rom_model -o "uart_gpio2.out" "./main.obj" "./tm4c123gh6pm_startup_ccs.obj" "../tm4c123gh6pm.cmd"  -llibc.a 
<Linking>
 
 undefined              first referenced
  symbol                    in file     
 ---------              ----------------
 GPIOIntClear           ./main.obj      
 GPIOIntEnable          ./main.obj      
 GPIOIntTypeSet         ./main.obj      
 GPIOPadConfigSet       ./main.obj      
 GPIOPinConfigure       ./main.obj      
 GPIOPinRead            ./main.obj      
 GPIOPinTypeGPIOInput   ./main.obj      
 GPIOPinTypeGPIOOutput  ./main.obj      
 GPIOPinTypeUART        ./main.obj      
 GPIOPinWrite           ./main.obj      
 IntEnable              ./main.obj      
 SysCtlClockSet         ./main.obj      
 SysCtlDelay            ./main.obj      
 SysCtlPeripheralEnable ./main.obj      
 UARTClockSourceSet     ./main.obj      
 UARTStdioConfig        ./main.obj      
 UARTprintf             ./main.obj      
 
error #10234-D: unresolved symbols remain
error #10010: errors encountered during linking; "uart_gpio2.out" not built
 
>> Compilation failure
makefile:136: recipe for target 'uart_gpio2.out' failed
gmake[1]: *** [uart_gpio2.out] Error 1
makefile:132: recipe for target 'all' failed
gmake: *** [all] Error 2

**** Build Finished ****
